<?xml version="1.0" encoding="UTF-8"?>
<!-- Generated by org.testng.reporters.JUnitXMLReporter -->
<testsuite hostname="Ujjals-Air-2" name="Test" tests="11" failures="0" timestamp="24 Feb 2020 05:08:40 GMT" time="231.95" errors="0">
  <testcase name="searchDirection" time="1.711" classname="TestCase.MapTest"/>
  <testcase name="getMapLocation" time="5.271" classname="TestCase.MapTest"/>
  <testcase name="clickParking" time="0.158" classname="TestCase.MapTest"/>
  <testcase name="clickToll" time="0.308" classname="TestCase.MapTest"/>
  <testcase name="searchIncident" time="5.171" classname="TestCase.ValidateData"/>
  <testcase name="clickPersonal" time="0.209" classname="TestCase.ValidateData"/>
  <testcase name="clickLive" time="0.221" classname="TestCase.ValidateData"/>
  <testcase name="cameraList" time="60.948" classname="TestCase.ValidateData"/>
  <testcase name="searchIncidentLocation" time="0.545" classname="TestCase.ValidateData"/>
  <testcase name="getIncidentList" time="2.737" classname="TestCase.ValidateData"/>
  <testcase name="getTollList" time="154.376" classname="TestCase.ValidateData"/>
</testsuite> <!-- Test -->
