<?xml version="1.0" encoding="UTF-8"?>
<testsuite xmlns:xsi="http://www.w3.org/2001/XMLSchema-instance" xsi:noNamespaceSchemaLocation="https://maven.apache.org/surefire/maven-surefire-plugin/xsd/surefire-test-report.xsd" name="TestSuite" time="242.357" tests="11" errors="0" skipped="0" failures="0">
  <properties>
[...]
</properties>
  <testcase name="searchDirection" classname="TestCase.MapTest" time="1.711"/>
  <testcase name="getMapLocation" classname="TestCase.MapTest" time="5.273"/>
  <testcase name="clickParking" classname="TestCase.MapTest" time="0.155"/>
  <testcase name="clickToll" classname="TestCase.MapTest" time="0.305"/>
  <testcase name="searchIncident" classname="TestCase.ValidateData" time="5.17"/>
  <testcase name="clickPersonal" classname="TestCase.ValidateData" time="0.208"/>
  <testcase name="clickLive" classname="TestCase.ValidateData" time="0.22"/>
  <testcase name="cameraList" classname="TestCase.ValidateData" time="60.949"/>
  <testcase name="searchIncidentLocation" classname="TestCase.ValidateData" time="0.546"/>
  <testcase name="getIncidentList" classname="TestCase.ValidateData" time="2.736"/>
  <testcase name="getTollList" classname="TestCase.ValidateData" time="154.375"/>
</testsuite>