<?xml version="1.0" encoding="UTF-8"?>
<testng-results skipped="0" failed="0" total="11" passed="11">
  <reporter-output>
  </reporter-output>
  <suite name="Suite" duration-ms="231950" started-at="2020-02-24T05:04:48Z" finished-at="2020-02-24T05:08:40Z">
    <groups>
    </groups>
    <test name="Test" duration-ms="231950" started-at="2020-02-24T05:04:48Z" finished-at="2020-02-24T05:08:40Z">
      <class name="TestCase.ValidateData">
        <test-method status="PASS" signature="searchIncident()[pri:4, instance:TestCase.ValidateData@241a53ef]" name="searchIncident" duration-ms="5171" started-at="2020-02-24T10:34:56Z" description="Search incident location" finished-at="2020-02-24T10:35:01Z">
          <reporter-output>
          </reporter-output>
        </test-method> <!-- searchIncident -->
        <test-method status="PASS" signature="clickPersonal()[pri:5, instance:TestCase.ValidateData@241a53ef]" name="clickPersonal" duration-ms="209" started-at="2020-02-24T10:35:01Z" description="Personal Tab is clicked" finished-at="2020-02-24T10:35:01Z">
          <reporter-output>
          </reporter-output>
        </test-method> <!-- clickPersonal -->
        <test-method status="PASS" signature="clickLive()[pri:6, instance:TestCase.ValidateData@241a53ef]" name="clickLive" duration-ms="221" started-at="2020-02-24T10:35:01Z" description="Live Tab is clicked" finished-at="2020-02-24T10:35:01Z">
          <reporter-output>
          </reporter-output>
        </test-method> <!-- clickLive -->
        <test-method status="PASS" signature="cameraList()[pri:7, instance:TestCase.ValidateData@241a53ef]" name="cameraList" duration-ms="60948" started-at="2020-02-24T10:35:01Z" description="Verify and store Camera details" finished-at="2020-02-24T10:36:02Z">
          <reporter-output>
          </reporter-output>
        </test-method> <!-- cameraList -->
        <test-method status="PASS" signature="searchIncidentLocation()[pri:8, instance:TestCase.ValidateData@241a53ef]" name="searchIncidentLocation" duration-ms="545" started-at="2020-02-24T10:36:02Z" description="Search for incident location" finished-at="2020-02-24T10:36:03Z">
          <reporter-output>
          </reporter-output>
        </test-method> <!-- searchIncidentLocation -->
        <test-method status="PASS" signature="getIncidentList()[pri:9, instance:TestCase.ValidateData@241a53ef]" name="getIncidentList" duration-ms="2737" started-at="2020-02-24T10:36:03Z" description="Verify Incident List" finished-at="2020-02-24T10:36:06Z">
          <reporter-output>
          </reporter-output>
        </test-method> <!-- getIncidentList -->
        <test-method status="PASS" signature="getTollList()[pri:10, instance:TestCase.ValidateData@241a53ef]" name="getTollList" duration-ms="154376" started-at="2020-02-24T10:36:06Z" description="Verify Toll List" finished-at="2020-02-24T10:38:40Z">
          <reporter-output>
          </reporter-output>
        </test-method> <!-- getTollList -->
      </class> <!-- TestCase.ValidateData -->
      <class name="TestCase.MapTest">
        <test-method status="PASS" signature="searchDirection()[pri:0, instance:TestCase.MapTest@c1fca1e]" name="searchDirection" duration-ms="1711" started-at="2020-02-24T10:34:48Z" description="Verify whether direction is clicked and search for direction " finished-at="2020-02-24T10:34:50Z">
          <reporter-output>
          </reporter-output>
        </test-method> <!-- searchDirection -->
        <test-method status="PASS" signature="getMapLocation()[pri:1, instance:TestCase.MapTest@c1fca1e]" name="getMapLocation" duration-ms="5271" started-at="2020-02-24T10:34:50Z" description="Verify  incident tab is clicked in the map" finished-at="2020-02-24T10:34:55Z">
          <reporter-output>
          </reporter-output>
        </test-method> <!-- getMapLocation -->
        <test-method status="PASS" signature="clickParking()[pri:2, instance:TestCase.MapTest@c1fca1e]" name="clickParking" duration-ms="158" started-at="2020-02-24T10:34:55Z" description="Verify parking tab is clicked in the map" finished-at="2020-02-24T10:34:55Z">
          <reporter-output>
          </reporter-output>
        </test-method> <!-- clickParking -->
        <test-method status="PASS" signature="clickToll()[pri:3, instance:TestCase.MapTest@c1fca1e]" name="clickToll" duration-ms="308" started-at="2020-02-24T10:34:55Z" description="Verify toll tab is clicked in the map" finished-at="2020-02-24T10:34:56Z">
          <reporter-output>
          </reporter-output>
        </test-method> <!-- clickToll -->
      </class> <!-- TestCase.MapTest -->
      <class name="pages.BaseClass">
        <test-method status="PASS" signature="setUp()[pri:0, instance:pages.BaseClass@596df867]" name="setUp" is-config="true" duration-ms="7210" started-at="2020-02-24T10:34:41Z" finished-at="2020-02-24T10:34:48Z">
          <reporter-output>
          </reporter-output>
        </test-method> <!-- setUp -->
        <test-method status="PASS" signature="tearDown()[pri:0, instance:pages.BaseClass@596df867]" name="tearDown" is-config="true" duration-ms="114" started-at="2020-02-24T10:38:41Z" finished-at="2020-02-24T10:38:41Z">
          <reporter-output>
          </reporter-output>
        </test-method> <!-- tearDown -->
      </class> <!-- pages.BaseClass -->
    </test> <!-- Test -->
  </suite> <!-- Suite -->
</testng-results>
