<?xml version="1.0" encoding="UTF-8"?>
<testsuite xmlns:xsi="http://www.w3.org/2001/XMLSchema-instance" xsi:noNamespaceSchemaLocation="https://maven.apache.org/surefire/maven-surefire-plugin/xsd/surefire-test-report.xsd" name="TestSuite" time="1,382.333" tests="11" errors="0" skipped="0" failures="11">
  <properties>
[...]
</properties>
  <testcase name="searchDirection" classname="TestCase.MapTest" time="3.483">
    <failure message="Expected condition failed: waiting for element to be clickable: Proxy element for: DefaultElementLocator &apos;By.cssSelector: .left_tab_base div a:nth-child(1)&apos; (tried for 3 second(s) with 500 MILLISECONDS interval)" type="org.openqa.selenium.TimeoutException">org.openqa.selenium.TimeoutException: Expected condition failed: waiting for element to be clickable: Proxy element for: DefaultElementLocator 'By.cssSelector: .left_tab_base div a:nth-child(1)' (tried for 3 second(s) with 500 MILLISECONDS interval)
	at TestCase.MapTest.searchDirection(MapTest.java:75)
Caused by: org.openqa.selenium.NoSuchElementException: 
no such element: Unable to locate element: {"method":"css selector","selector":".left_tab_base div a:nth-child(1)"}
  (Session info: chrome=79.0.3945.130)
  (Driver info: chromedriver=2.37.544337 (8c0344a12e552148c185f7d5117db1f28d6c9e85),platform=Mac OS X 10.12.6 x86_64) (WARNING: The server did not provide any stacktrace information)
Command duration or timeout: 0 milliseconds
For documentation on this error, please visit: http://seleniumhq.org/exceptions/no_such_element.html
Build info: version: '3.6.0', revision: '6fbf3ec767', time: '2017-09-27T15:28:36.4Z'
System info: host: 'Ujjals-Air-2', ip: '2402:3a80:a59:94a8:653a:8673:bd13:71ba', os.name: 'Mac OS X', os.arch: 'x86_64', os.version: '10.12.6', java.version: '1.8.0_121'
Driver info: org.openqa.selenium.chrome.ChromeDriver
Capabilities [{mobileEmulationEnabled=false, hasTouchScreen=false, platform=MAC, acceptSslCerts=false, acceptInsecureCerts=false, webStorageEnabled=true, browserName=chrome, takesScreenshot=true, javascriptEnabled=true, platformName=MAC, setWindowRect=true, unexpectedAlertBehaviour=accept, applicationCacheEnabled=false, rotatable=false, networkConnectionEnabled=false, chrome={chromedriverVersion=2.37.544337 (8c0344a12e552148c185f7d5117db1f28d6c9e85), userDataDir=/var/folders/w_/8p8hmcdd7236kdc2hbz_nrb00000gp/T/.org.chromium.Chromium.aQzP9P}, takesHeapSnapshot=true, pageLoadStrategy=normal, unhandledPromptBehavior=accept, databaseEnabled=false, handlesAlerts=true, version=79.0.3945.130, browserConnectionEnabled=false, nativeEvents=true, locationContextEnabled=true, cssSelectorsEnabled=true}]
Session ID: 75219bd915ad3f1889612cbfb456f0da
*** Element info: {Using=css selector, value=.left_tab_base div a:nth-child(1)}
	at TestCase.MapTest.searchDirection(MapTest.java:75)
</failure>
    <system-out><![CDATA[Directory already exists: /Users/ujjal/Documents/workspace/Intello3C/MapSynQ_NEW/TestReport
ExtentReport Path for MAC: /Users/ujjal/Documents/workspace/Intello3C/MapSynQ_NEW/TestReport

Base URL is:http://www.mapsynq.com
Extent Reports Version 3 Test Suite started!
searchDirection started!
]]></system-out>
    <system-err><![CDATA[SLF4J: Failed to load class "org.slf4j.impl.StaticLoggerBinder".
SLF4J: Defaulting to no-operation (NOP) logger implementation
SLF4J: See http://www.slf4j.org/codes.html#StaticLoggerBinder for further details.
Starting ChromeDriver 2.37.544337 (8c0344a12e552148c185f7d5117db1f28d6c9e85) on port 47625
Only local connections are allowed.
log4j:WARN No appenders could be found for logger (org.apache.http.client.protocol.RequestAddCookies).
log4j:WARN Please initialize the log4j system properly.
log4j:WARN See http://logging.apache.org/log4j/1.2/faq.html#noconfig for more info.
Feb 23, 2020 7:35:44 PM org.openqa.selenium.remote.ProtocolHandshake createSession
INFO: Detected dialect: OSS
]]></system-err>
  </testcase>
  <testcase name="getMapLocation" classname="TestCase.MapTest" time="5.049">
    <failure message="no such element: Unable to locate element: {&quot;method&quot;:&quot;id&quot;,&quot;selector&quot;:&quot;ad_toggle&quot;}&#10;  (Session info: chrome=79.0.3945.130)&#10;  (Driver info: chromedriver=2.37.544337 (8c0344a12e552148c185f7d5117db1f28d6c9e85),platform=Mac OS X 10.12.6 x86_64) (WARNING: The server did not provide any stacktrace information)&#10;Command duration or timeout: 0 milliseconds&#10;For documentation on this error, please visit: http://seleniumhq.org/exceptions/no_such_element.html&#10;Build info: version: &apos;3.6.0&apos;, revision: &apos;6fbf3ec767&apos;, time: &apos;2017-09-27T15:28:36.4Z&apos;&#10;System info: host: &apos;Ujjals-Air-2&apos;, ip: &apos;2402:3a80:a59:94a8:653a:8673:bd13:71ba&apos;, os.name: &apos;Mac OS X&apos;, os.arch: &apos;x86_64&apos;, os.version: &apos;10.12.6&apos;, java.version: &apos;1.8.0_121&apos;&#10;Driver info: org.openqa.selenium.chrome.ChromeDriver&#10;Capabilities [{mobileEmulationEnabled=false, hasTouchScreen=false, platform=MAC, acceptSslCerts=false, acceptInsecureCerts=false, webStorageEnabled=true, browserName=chrome, takesScreenshot=true, javascriptEnabled=true, platformName=MAC, setWindowRect=true, unexpectedAlertBehaviour=accept, applicationCacheEnabled=false, rotatable=false, networkConnectionEnabled=false, chrome={chromedriverVersion=2.37.544337 (8c0344a12e552148c185f7d5117db1f28d6c9e85), userDataDir=/var/folders/w_/8p8hmcdd7236kdc2hbz_nrb00000gp/T/.org.chromium.Chromium.aQzP9P}, takesHeapSnapshot=true, pageLoadStrategy=normal, unhandledPromptBehavior=accept, databaseEnabled=false, handlesAlerts=true, version=79.0.3945.130, browserConnectionEnabled=false, nativeEvents=true, locationContextEnabled=true, cssSelectorsEnabled=true}]&#10;Session ID: 75219bd915ad3f1889612cbfb456f0da&#10;*** Element info: {Using=id, value=ad_toggle}" type="org.openqa.selenium.NoSuchElementException">org.openqa.selenium.NoSuchElementException: 
no such element: Unable to locate element: {"method":"id","selector":"ad_toggle"}
  (Session info: chrome=79.0.3945.130)
  (Driver info: chromedriver=2.37.544337 (8c0344a12e552148c185f7d5117db1f28d6c9e85),platform=Mac OS X 10.12.6 x86_64) (WARNING: The server did not provide any stacktrace information)
Command duration or timeout: 0 milliseconds
For documentation on this error, please visit: http://seleniumhq.org/exceptions/no_such_element.html
Build info: version: '3.6.0', revision: '6fbf3ec767', time: '2017-09-27T15:28:36.4Z'
System info: host: 'Ujjals-Air-2', ip: '2402:3a80:a59:94a8:653a:8673:bd13:71ba', os.name: 'Mac OS X', os.arch: 'x86_64', os.version: '10.12.6', java.version: '1.8.0_121'
Driver info: org.openqa.selenium.chrome.ChromeDriver
Capabilities [{mobileEmulationEnabled=false, hasTouchScreen=false, platform=MAC, acceptSslCerts=false, acceptInsecureCerts=false, webStorageEnabled=true, browserName=chrome, takesScreenshot=true, javascriptEnabled=true, platformName=MAC, setWindowRect=true, unexpectedAlertBehaviour=accept, applicationCacheEnabled=false, rotatable=false, networkConnectionEnabled=false, chrome={chromedriverVersion=2.37.544337 (8c0344a12e552148c185f7d5117db1f28d6c9e85), userDataDir=/var/folders/w_/8p8hmcdd7236kdc2hbz_nrb00000gp/T/.org.chromium.Chromium.aQzP9P}, takesHeapSnapshot=true, pageLoadStrategy=normal, unhandledPromptBehavior=accept, databaseEnabled=false, handlesAlerts=true, version=79.0.3945.130, browserConnectionEnabled=false, nativeEvents=true, locationContextEnabled=true, cssSelectorsEnabled=true}]
Session ID: 75219bd915ad3f1889612cbfb456f0da
*** Element info: {Using=id, value=ad_toggle}
	at TestCase.MapTest.getMapLocation(MapTest.java:39)
</failure>
    <system-out><![CDATA[searchDirection failed!
getMapLocation started!
]]></system-out>
  </testcase>
  <testcase name="clickParking" classname="TestCase.MapTest" time="3.196">
    <failure message="Expected condition failed: waiting for element to be clickable: Proxy element for: DefaultElementLocator &apos;By.cssSelector: .buttonPanel.olControlNoSelect div:nth-child(3)&apos; (tried for 3 second(s) with 500 MILLISECONDS interval)" type="org.openqa.selenium.TimeoutException">org.openqa.selenium.TimeoutException: Expected condition failed: waiting for element to be clickable: Proxy element for: DefaultElementLocator 'By.cssSelector: .buttonPanel.olControlNoSelect div:nth-child(3)' (tried for 3 second(s) with 500 MILLISECONDS interval)
	at TestCase.MapTest.clickParking(MapTest.java:50)
Caused by: org.openqa.selenium.NoSuchElementException: 
no such element: Unable to locate element: {"method":"css selector","selector":".buttonPanel.olControlNoSelect div:nth-child(3)"}
  (Session info: chrome=79.0.3945.130)
  (Driver info: chromedriver=2.37.544337 (8c0344a12e552148c185f7d5117db1f28d6c9e85),platform=Mac OS X 10.12.6 x86_64) (WARNING: The server did not provide any stacktrace information)
Command duration or timeout: 0 milliseconds
For documentation on this error, please visit: http://seleniumhq.org/exceptions/no_such_element.html
Build info: version: '3.6.0', revision: '6fbf3ec767', time: '2017-09-27T15:28:36.4Z'
System info: host: 'Ujjals-Air-2', ip: '2402:3a80:a59:94a8:653a:8673:bd13:71ba', os.name: 'Mac OS X', os.arch: 'x86_64', os.version: '10.12.6', java.version: '1.8.0_121'
Driver info: org.openqa.selenium.chrome.ChromeDriver
Capabilities [{mobileEmulationEnabled=false, hasTouchScreen=false, platform=MAC, acceptSslCerts=false, acceptInsecureCerts=false, webStorageEnabled=true, browserName=chrome, takesScreenshot=true, javascriptEnabled=true, platformName=MAC, setWindowRect=true, unexpectedAlertBehaviour=accept, applicationCacheEnabled=false, rotatable=false, networkConnectionEnabled=false, chrome={chromedriverVersion=2.37.544337 (8c0344a12e552148c185f7d5117db1f28d6c9e85), userDataDir=/var/folders/w_/8p8hmcdd7236kdc2hbz_nrb00000gp/T/.org.chromium.Chromium.aQzP9P}, takesHeapSnapshot=true, pageLoadStrategy=normal, unhandledPromptBehavior=accept, databaseEnabled=false, handlesAlerts=true, version=79.0.3945.130, browserConnectionEnabled=false, nativeEvents=true, locationContextEnabled=true, cssSelectorsEnabled=true}]
Session ID: 75219bd915ad3f1889612cbfb456f0da
*** Element info: {Using=css selector, value=.buttonPanel.olControlNoSelect div:nth-child(3)}
	at TestCase.MapTest.clickParking(MapTest.java:50)
</failure>
    <system-out><![CDATA[getMapLocation failed!
clickParking started!
]]></system-out>
  </testcase>
  <testcase name="clickToll" classname="TestCase.MapTest" time="3.176">
    <failure message="Expected condition failed: waiting for element to be clickable: Proxy element for: DefaultElementLocator &apos;By.cssSelector: .buttonPanel.olControlNoSelect div:nth-child(1)&apos; (tried for 3 second(s) with 500 MILLISECONDS interval)" type="org.openqa.selenium.TimeoutException">org.openqa.selenium.TimeoutException: Expected condition failed: waiting for element to be clickable: Proxy element for: DefaultElementLocator 'By.cssSelector: .buttonPanel.olControlNoSelect div:nth-child(1)' (tried for 3 second(s) with 500 MILLISECONDS interval)
	at TestCase.MapTest.clickToll(MapTest.java:60)
Caused by: org.openqa.selenium.NoSuchElementException: 
no such element: Unable to locate element: {"method":"css selector","selector":".buttonPanel.olControlNoSelect div:nth-child(1)"}
  (Session info: chrome=79.0.3945.130)
  (Driver info: chromedriver=2.37.544337 (8c0344a12e552148c185f7d5117db1f28d6c9e85),platform=Mac OS X 10.12.6 x86_64) (WARNING: The server did not provide any stacktrace information)
Command duration or timeout: 0 milliseconds
For documentation on this error, please visit: http://seleniumhq.org/exceptions/no_such_element.html
Build info: version: '3.6.0', revision: '6fbf3ec767', time: '2017-09-27T15:28:36.4Z'
System info: host: 'Ujjals-Air-2', ip: '2402:3a80:a59:94a8:653a:8673:bd13:71ba', os.name: 'Mac OS X', os.arch: 'x86_64', os.version: '10.12.6', java.version: '1.8.0_121'
Driver info: org.openqa.selenium.chrome.ChromeDriver
Capabilities [{mobileEmulationEnabled=false, hasTouchScreen=false, platform=MAC, acceptSslCerts=false, acceptInsecureCerts=false, webStorageEnabled=true, browserName=chrome, takesScreenshot=true, javascriptEnabled=true, platformName=MAC, setWindowRect=true, unexpectedAlertBehaviour=accept, applicationCacheEnabled=false, rotatable=false, networkConnectionEnabled=false, chrome={chromedriverVersion=2.37.544337 (8c0344a12e552148c185f7d5117db1f28d6c9e85), userDataDir=/var/folders/w_/8p8hmcdd7236kdc2hbz_nrb00000gp/T/.org.chromium.Chromium.aQzP9P}, takesHeapSnapshot=true, pageLoadStrategy=normal, unhandledPromptBehavior=accept, databaseEnabled=false, handlesAlerts=true, version=79.0.3945.130, browserConnectionEnabled=false, nativeEvents=true, locationContextEnabled=true, cssSelectorsEnabled=true}]
Session ID: 75219bd915ad3f1889612cbfb456f0da
*** Element info: {Using=css selector, value=.buttonPanel.olControlNoSelect div:nth-child(1)}
	at TestCase.MapTest.clickToll(MapTest.java:60)
</failure>
    <system-out><![CDATA[clickParking failed!
clickToll started!
]]></system-out>
  </testcase>
  <testcase name="searchIncident" classname="TestCase.ValidateData" time="5.05">
    <failure message="no such element: Unable to locate element: {&quot;method&quot;:&quot;id&quot;,&quot;selector&quot;:&quot;ad_toggle&quot;}&#10;  (Session info: chrome=79.0.3945.130)&#10;  (Driver info: chromedriver=2.37.544337 (8c0344a12e552148c185f7d5117db1f28d6c9e85),platform=Mac OS X 10.12.6 x86_64) (WARNING: The server did not provide any stacktrace information)&#10;Command duration or timeout: 0 milliseconds&#10;For documentation on this error, please visit: http://seleniumhq.org/exceptions/no_such_element.html&#10;Build info: version: &apos;3.6.0&apos;, revision: &apos;6fbf3ec767&apos;, time: &apos;2017-09-27T15:28:36.4Z&apos;&#10;System info: host: &apos;Ujjals-Air-2&apos;, ip: &apos;2402:3a80:a59:94a8:653a:8673:bd13:71ba&apos;, os.name: &apos;Mac OS X&apos;, os.arch: &apos;x86_64&apos;, os.version: &apos;10.12.6&apos;, java.version: &apos;1.8.0_121&apos;&#10;Driver info: org.openqa.selenium.chrome.ChromeDriver&#10;Capabilities [{mobileEmulationEnabled=false, hasTouchScreen=false, platform=MAC, acceptSslCerts=false, acceptInsecureCerts=false, webStorageEnabled=true, browserName=chrome, takesScreenshot=true, javascriptEnabled=true, platformName=MAC, setWindowRect=true, unexpectedAlertBehaviour=accept, applicationCacheEnabled=false, rotatable=false, networkConnectionEnabled=false, chrome={chromedriverVersion=2.37.544337 (8c0344a12e552148c185f7d5117db1f28d6c9e85), userDataDir=/var/folders/w_/8p8hmcdd7236kdc2hbz_nrb00000gp/T/.org.chromium.Chromium.aQzP9P}, takesHeapSnapshot=true, pageLoadStrategy=normal, unhandledPromptBehavior=accept, databaseEnabled=false, handlesAlerts=true, version=79.0.3945.130, browserConnectionEnabled=false, nativeEvents=true, locationContextEnabled=true, cssSelectorsEnabled=true}]&#10;Session ID: 75219bd915ad3f1889612cbfb456f0da&#10;*** Element info: {Using=id, value=ad_toggle}" type="org.openqa.selenium.NoSuchElementException">org.openqa.selenium.NoSuchElementException: 
no such element: Unable to locate element: {"method":"id","selector":"ad_toggle"}
  (Session info: chrome=79.0.3945.130)
  (Driver info: chromedriver=2.37.544337 (8c0344a12e552148c185f7d5117db1f28d6c9e85),platform=Mac OS X 10.12.6 x86_64) (WARNING: The server did not provide any stacktrace information)
Command duration or timeout: 0 milliseconds
For documentation on this error, please visit: http://seleniumhq.org/exceptions/no_such_element.html
Build info: version: '3.6.0', revision: '6fbf3ec767', time: '2017-09-27T15:28:36.4Z'
System info: host: 'Ujjals-Air-2', ip: '2402:3a80:a59:94a8:653a:8673:bd13:71ba', os.name: 'Mac OS X', os.arch: 'x86_64', os.version: '10.12.6', java.version: '1.8.0_121'
Driver info: org.openqa.selenium.chrome.ChromeDriver
Capabilities [{mobileEmulationEnabled=false, hasTouchScreen=false, platform=MAC, acceptSslCerts=false, acceptInsecureCerts=false, webStorageEnabled=true, browserName=chrome, takesScreenshot=true, javascriptEnabled=true, platformName=MAC, setWindowRect=true, unexpectedAlertBehaviour=accept, applicationCacheEnabled=false, rotatable=false, networkConnectionEnabled=false, chrome={chromedriverVersion=2.37.544337 (8c0344a12e552148c185f7d5117db1f28d6c9e85), userDataDir=/var/folders/w_/8p8hmcdd7236kdc2hbz_nrb00000gp/T/.org.chromium.Chromium.aQzP9P}, takesHeapSnapshot=true, pageLoadStrategy=normal, unhandledPromptBehavior=accept, databaseEnabled=false, handlesAlerts=true, version=79.0.3945.130, browserConnectionEnabled=false, nativeEvents=true, locationContextEnabled=true, cssSelectorsEnabled=true}]
Session ID: 75219bd915ad3f1889612cbfb456f0da
*** Element info: {Using=id, value=ad_toggle}
	at TestCase.ValidateData.searchIncident(ValidateData.java:30)
</failure>
    <system-out><![CDATA[clickToll failed!
searchIncident started!
Search Location is:Anson Road
]]></system-out>
  </testcase>
  <testcase name="clickPersonal" classname="TestCase.ValidateData" time="10.48">
    <failure message="Expected condition failed: waiting for element to be clickable: Proxy element for: DefaultElementLocator &apos;By.cssSelector: .left_tab a:nth-child(2)&apos; (tried for 10 second(s) with 500 MILLISECONDS interval)" type="org.openqa.selenium.TimeoutException">org.openqa.selenium.TimeoutException: Expected condition failed: waiting for element to be clickable: Proxy element for: DefaultElementLocator 'By.cssSelector: .left_tab a:nth-child(2)' (tried for 10 second(s) with 500 MILLISECONDS interval)
	at TestCase.ValidateData.clickPersonal(ValidateData.java:42)
Caused by: org.openqa.selenium.NoSuchElementException: 
no such element: Unable to locate element: {"method":"css selector","selector":".left_tab a:nth-child(2)"}
  (Session info: chrome=79.0.3945.130)
  (Driver info: chromedriver=2.37.544337 (8c0344a12e552148c185f7d5117db1f28d6c9e85),platform=Mac OS X 10.12.6 x86_64) (WARNING: The server did not provide any stacktrace information)
Command duration or timeout: 0 milliseconds
For documentation on this error, please visit: http://seleniumhq.org/exceptions/no_such_element.html
Build info: version: '3.6.0', revision: '6fbf3ec767', time: '2017-09-27T15:28:36.4Z'
System info: host: 'Ujjals-Air-2', ip: '2402:3a80:a59:94a8:653a:8673:bd13:71ba', os.name: 'Mac OS X', os.arch: 'x86_64', os.version: '10.12.6', java.version: '1.8.0_121'
Driver info: org.openqa.selenium.chrome.ChromeDriver
Capabilities [{mobileEmulationEnabled=false, hasTouchScreen=false, platform=MAC, acceptSslCerts=false, acceptInsecureCerts=false, webStorageEnabled=true, browserName=chrome, takesScreenshot=true, javascriptEnabled=true, platformName=MAC, setWindowRect=true, unexpectedAlertBehaviour=accept, applicationCacheEnabled=false, rotatable=false, networkConnectionEnabled=false, chrome={chromedriverVersion=2.37.544337 (8c0344a12e552148c185f7d5117db1f28d6c9e85), userDataDir=/var/folders/w_/8p8hmcdd7236kdc2hbz_nrb00000gp/T/.org.chromium.Chromium.aQzP9P}, takesHeapSnapshot=true, pageLoadStrategy=normal, unhandledPromptBehavior=accept, databaseEnabled=false, handlesAlerts=true, version=79.0.3945.130, browserConnectionEnabled=false, nativeEvents=true, locationContextEnabled=true, cssSelectorsEnabled=true}]
Session ID: 75219bd915ad3f1889612cbfb456f0da
*** Element info: {Using=css selector, value=.left_tab a:nth-child(2)}
	at TestCase.ValidateData.clickPersonal(ValidateData.java:42)
</failure>
    <system-out><![CDATA[searchIncident failed!
clickPersonal started!
]]></system-out>
  </testcase>
  <testcase name="clickLive" classname="TestCase.ValidateData" time="566.084">
    <failure message="Expected condition failed: waiting for element to be clickable: Proxy element for: DefaultElementLocator &apos;By.cssSelector: .left_tab a:nth-child(3)&apos; (tried for 10 second(s) with 500 MILLISECONDS interval)" type="org.openqa.selenium.TimeoutException">org.openqa.selenium.TimeoutException: Expected condition failed: waiting for element to be clickable: Proxy element for: DefaultElementLocator 'By.cssSelector: .left_tab a:nth-child(3)' (tried for 10 second(s) with 500 MILLISECONDS interval)
	at TestCase.ValidateData.clickLive(ValidateData.java:50)
Caused by: org.openqa.selenium.NoSuchElementException: 
no such element: Unable to locate element: {"method":"css selector","selector":".left_tab a:nth-child(3)"}
  (Session info: chrome=79.0.3945.130)
  (Driver info: chromedriver=2.37.544337 (8c0344a12e552148c185f7d5117db1f28d6c9e85),platform=Mac OS X 10.12.6 x86_64) (WARNING: The server did not provide any stacktrace information)
Command duration or timeout: 0 milliseconds
For documentation on this error, please visit: http://seleniumhq.org/exceptions/no_such_element.html
Build info: version: '3.6.0', revision: '6fbf3ec767', time: '2017-09-27T15:28:36.4Z'
System info: host: 'Ujjals-Air-2', ip: '2402:3a80:a59:94a8:653a:8673:bd13:71ba', os.name: 'Mac OS X', os.arch: 'x86_64', os.version: '10.12.6', java.version: '1.8.0_121'
Driver info: org.openqa.selenium.chrome.ChromeDriver
Capabilities [{mobileEmulationEnabled=false, hasTouchScreen=false, platform=MAC, acceptSslCerts=false, acceptInsecureCerts=false, webStorageEnabled=true, browserName=chrome, takesScreenshot=true, javascriptEnabled=true, platformName=MAC, setWindowRect=true, unexpectedAlertBehaviour=accept, applicationCacheEnabled=false, rotatable=false, networkConnectionEnabled=false, chrome={chromedriverVersion=2.37.544337 (8c0344a12e552148c185f7d5117db1f28d6c9e85), userDataDir=/var/folders/w_/8p8hmcdd7236kdc2hbz_nrb00000gp/T/.org.chromium.Chromium.aQzP9P}, takesHeapSnapshot=true, pageLoadStrategy=normal, unhandledPromptBehavior=accept, databaseEnabled=false, handlesAlerts=true, version=79.0.3945.130, browserConnectionEnabled=false, nativeEvents=true, locationContextEnabled=true, cssSelectorsEnabled=true}]
Session ID: 75219bd915ad3f1889612cbfb456f0da
*** Element info: {Using=css selector, value=.left_tab a:nth-child(3)}
	at TestCase.ValidateData.clickLive(ValidateData.java:50)
</failure>
    <system-out><![CDATA[clickPersonal failed!
clickLive started!
]]></system-out>
  </testcase>
  <testcase name="cameraList" classname="TestCase.ValidateData" time="15.5">
    <failure message="Expected condition failed: waiting for element to be clickable: Proxy element for: DefaultElementLocator &apos;By.xpath: //h2[contains(text(),&apos;Cameras&apos;)]&apos; (tried for 10 second(s) with 500 MILLISECONDS interval)" type="org.openqa.selenium.TimeoutException">org.openqa.selenium.TimeoutException: Expected condition failed: waiting for element to be clickable: Proxy element for: DefaultElementLocator 'By.xpath: //h2[contains(text(),'Cameras')]' (tried for 10 second(s) with 500 MILLISECONDS interval)
	at TestCase.ValidateData.cameraList(ValidateData.java:57)
Caused by: org.openqa.selenium.NoSuchElementException: 
no such element: Unable to locate element: {"method":"xpath","selector":"//h2[contains(text(),'Cameras')]"}
  (Session info: chrome=79.0.3945.130)
  (Driver info: chromedriver=2.37.544337 (8c0344a12e552148c185f7d5117db1f28d6c9e85),platform=Mac OS X 10.12.6 x86_64) (WARNING: The server did not provide any stacktrace information)
Command duration or timeout: 0 milliseconds
For documentation on this error, please visit: http://seleniumhq.org/exceptions/no_such_element.html
Build info: version: '3.6.0', revision: '6fbf3ec767', time: '2017-09-27T15:28:36.4Z'
System info: host: 'Ujjals-Air-2', ip: '2402:3a80:a59:94a8:653a:8673:bd13:71ba', os.name: 'Mac OS X', os.arch: 'x86_64', os.version: '10.12.6', java.version: '1.8.0_121'
Driver info: org.openqa.selenium.chrome.ChromeDriver
Capabilities [{mobileEmulationEnabled=false, hasTouchScreen=false, platform=MAC, acceptSslCerts=false, acceptInsecureCerts=false, webStorageEnabled=true, browserName=chrome, takesScreenshot=true, javascriptEnabled=true, platformName=MAC, setWindowRect=true, unexpectedAlertBehaviour=accept, applicationCacheEnabled=false, rotatable=false, networkConnectionEnabled=false, chrome={chromedriverVersion=2.37.544337 (8c0344a12e552148c185f7d5117db1f28d6c9e85), userDataDir=/var/folders/w_/8p8hmcdd7236kdc2hbz_nrb00000gp/T/.org.chromium.Chromium.aQzP9P}, takesHeapSnapshot=true, pageLoadStrategy=normal, unhandledPromptBehavior=accept, databaseEnabled=false, handlesAlerts=true, version=79.0.3945.130, browserConnectionEnabled=false, nativeEvents=true, locationContextEnabled=true, cssSelectorsEnabled=true}]
Session ID: 75219bd915ad3f1889612cbfb456f0da
*** Element info: {Using=xpath, value=//h2[contains(text(),'Cameras')]}
	at TestCase.ValidateData.cameraList(ValidateData.java:57)
</failure>
    <system-out><![CDATA[clickLive failed!
cameraList started!
]]></system-out>
  </testcase>
  <testcase name="searchIncidentLocation" classname="TestCase.ValidateData" time="15.509">
    <failure message="Expected condition failed: waiting for element to be clickable: Proxy element for: DefaultElementLocator &apos;By.id: txtSearchCamerasingapore&apos; (tried for 10 second(s) with 500 MILLISECONDS interval)" type="org.openqa.selenium.TimeoutException">org.openqa.selenium.TimeoutException: Expected condition failed: waiting for element to be clickable: Proxy element for: DefaultElementLocator 'By.id: txtSearchCamerasingapore' (tried for 10 second(s) with 500 MILLISECONDS interval)
	at TestCase.ValidateData.searchIncidentLocation(ValidateData.java:68)
Caused by: org.openqa.selenium.NoSuchElementException: 
no such element: Unable to locate element: {"method":"id","selector":"txtSearchCamerasingapore"}
  (Session info: chrome=79.0.3945.130)
  (Driver info: chromedriver=2.37.544337 (8c0344a12e552148c185f7d5117db1f28d6c9e85),platform=Mac OS X 10.12.6 x86_64) (WARNING: The server did not provide any stacktrace information)
Command duration or timeout: 0 milliseconds
For documentation on this error, please visit: http://seleniumhq.org/exceptions/no_such_element.html
Build info: version: '3.6.0', revision: '6fbf3ec767', time: '2017-09-27T15:28:36.4Z'
System info: host: 'Ujjals-Air-2', ip: '2402:3a80:a59:94a8:653a:8673:bd13:71ba', os.name: 'Mac OS X', os.arch: 'x86_64', os.version: '10.12.6', java.version: '1.8.0_121'
Driver info: org.openqa.selenium.chrome.ChromeDriver
Capabilities [{mobileEmulationEnabled=false, hasTouchScreen=false, platform=MAC, acceptSslCerts=false, acceptInsecureCerts=false, webStorageEnabled=true, browserName=chrome, takesScreenshot=true, javascriptEnabled=true, platformName=MAC, setWindowRect=true, unexpectedAlertBehaviour=accept, applicationCacheEnabled=false, rotatable=false, networkConnectionEnabled=false, chrome={chromedriverVersion=2.37.544337 (8c0344a12e552148c185f7d5117db1f28d6c9e85), userDataDir=/var/folders/w_/8p8hmcdd7236kdc2hbz_nrb00000gp/T/.org.chromium.Chromium.aQzP9P}, takesHeapSnapshot=true, pageLoadStrategy=normal, unhandledPromptBehavior=accept, databaseEnabled=false, handlesAlerts=true, version=79.0.3945.130, browserConnectionEnabled=false, nativeEvents=true, locationContextEnabled=true, cssSelectorsEnabled=true}]
Session ID: 75219bd915ad3f1889612cbfb456f0da
*** Element info: {Using=id, value=txtSearchCamerasingapore}
	at TestCase.ValidateData.searchIncidentLocation(ValidateData.java:68)
</failure>
    <system-out><![CDATA[cameraList failed!
searchIncidentLocation started!
]]></system-out>
  </testcase>
  <testcase name="getIncidentList" classname="TestCase.ValidateData" time="693.88">
    <failure message="Expected condition failed: waiting for element to be clickable: Proxy element for: DefaultElementLocator &apos;By.xpath: //h2[contains(text(),&apos;Incidents&apos;)]&apos; (tried for 10 second(s) with 500 MILLISECONDS interval)" type="org.openqa.selenium.TimeoutException">org.openqa.selenium.TimeoutException: Expected condition failed: waiting for element to be clickable: Proxy element for: DefaultElementLocator 'By.xpath: //h2[contains(text(),'Incidents')]' (tried for 10 second(s) with 500 MILLISECONDS interval)
	at TestCase.ValidateData.getIncidentList(ValidateData.java:77)
Caused by: org.openqa.selenium.NoSuchElementException: 
no such element: Unable to locate element: {"method":"xpath","selector":"//h2[contains(text(),'Incidents')]"}
  (Session info: chrome=79.0.3945.130)
  (Driver info: chromedriver=2.37.544337 (8c0344a12e552148c185f7d5117db1f28d6c9e85),platform=Mac OS X 10.12.6 x86_64) (WARNING: The server did not provide any stacktrace information)
Command duration or timeout: 0 milliseconds
For documentation on this error, please visit: http://seleniumhq.org/exceptions/no_such_element.html
Build info: version: '3.6.0', revision: '6fbf3ec767', time: '2017-09-27T15:28:36.4Z'
System info: host: 'Ujjals-Air-2', ip: '2402:3a80:a59:94a8:653a:8673:bd13:71ba', os.name: 'Mac OS X', os.arch: 'x86_64', os.version: '10.12.6', java.version: '1.8.0_121'
Driver info: org.openqa.selenium.chrome.ChromeDriver
Capabilities [{mobileEmulationEnabled=false, hasTouchScreen=false, platform=MAC, acceptSslCerts=false, acceptInsecureCerts=false, webStorageEnabled=true, browserName=chrome, takesScreenshot=true, javascriptEnabled=true, platformName=MAC, setWindowRect=true, unexpectedAlertBehaviour=accept, applicationCacheEnabled=false, rotatable=false, networkConnectionEnabled=false, chrome={chromedriverVersion=2.37.544337 (8c0344a12e552148c185f7d5117db1f28d6c9e85), userDataDir=/var/folders/w_/8p8hmcdd7236kdc2hbz_nrb00000gp/T/.org.chromium.Chromium.aQzP9P}, takesHeapSnapshot=true, pageLoadStrategy=normal, unhandledPromptBehavior=accept, databaseEnabled=false, handlesAlerts=true, version=79.0.3945.130, browserConnectionEnabled=false, nativeEvents=true, locationContextEnabled=true, cssSelectorsEnabled=true}]
Session ID: 75219bd915ad3f1889612cbfb456f0da
*** Element info: {Using=xpath, value=//h2[contains(text(),'Incidents')]}
	at TestCase.ValidateData.getIncidentList(ValidateData.java:77)
</failure>
    <system-out><![CDATA[searchIncidentLocation failed!
getIncidentList started!
]]></system-out>
  </testcase>
  <testcase name="getTollList" classname="TestCase.ValidateData" time="15.508">
    <failure message="Expected condition failed: waiting for element to be clickable: Proxy element for: DefaultElementLocator &apos;By.xpath: //h2[contains(text(),&apos;Tolls&apos;)]&apos; (tried for 10 second(s) with 500 MILLISECONDS interval)" type="org.openqa.selenium.TimeoutException">org.openqa.selenium.TimeoutException: Expected condition failed: waiting for element to be clickable: Proxy element for: DefaultElementLocator 'By.xpath: //h2[contains(text(),'Tolls')]' (tried for 10 second(s) with 500 MILLISECONDS interval)
	at TestCase.ValidateData.getTollList(ValidateData.java:89)
Caused by: org.openqa.selenium.NoSuchElementException: 
no such element: Unable to locate element: {"method":"xpath","selector":"//h2[contains(text(),'Tolls')]"}
  (Session info: chrome=79.0.3945.130)
  (Driver info: chromedriver=2.37.544337 (8c0344a12e552148c185f7d5117db1f28d6c9e85),platform=Mac OS X 10.12.6 x86_64) (WARNING: The server did not provide any stacktrace information)
Command duration or timeout: 0 milliseconds
For documentation on this error, please visit: http://seleniumhq.org/exceptions/no_such_element.html
Build info: version: '3.6.0', revision: '6fbf3ec767', time: '2017-09-27T15:28:36.4Z'
System info: host: 'Ujjals-Air-2', ip: '2402:3a80:a59:94a8:653a:8673:bd13:71ba', os.name: 'Mac OS X', os.arch: 'x86_64', os.version: '10.12.6', java.version: '1.8.0_121'
Driver info: org.openqa.selenium.chrome.ChromeDriver
Capabilities [{mobileEmulationEnabled=false, hasTouchScreen=false, platform=MAC, acceptSslCerts=false, acceptInsecureCerts=false, webStorageEnabled=true, browserName=chrome, takesScreenshot=true, javascriptEnabled=true, platformName=MAC, setWindowRect=true, unexpectedAlertBehaviour=accept, applicationCacheEnabled=false, rotatable=false, networkConnectionEnabled=false, chrome={chromedriverVersion=2.37.544337 (8c0344a12e552148c185f7d5117db1f28d6c9e85), userDataDir=/var/folders/w_/8p8hmcdd7236kdc2hbz_nrb00000gp/T/.org.chromium.Chromium.aQzP9P}, takesHeapSnapshot=true, pageLoadStrategy=normal, unhandledPromptBehavior=accept, databaseEnabled=false, handlesAlerts=true, version=79.0.3945.130, browserConnectionEnabled=false, nativeEvents=true, locationContextEnabled=true, cssSelectorsEnabled=true}]
Session ID: 75219bd915ad3f1889612cbfb456f0da
*** Element info: {Using=xpath, value=//h2[contains(text(),'Tolls')]}
	at TestCase.ValidateData.getTollList(ValidateData.java:89)
</failure>
    <system-out><![CDATA[getIncidentList failed!
getTollList started!
]]></system-out>
  </testcase>
</testsuite>